\BOOKMARK [1][-]{section.1}{\376\377\000I\000n\000t\000r\000o\000d\000u\000c\000t\000i\000o\000n}{}% 1
\BOOKMARK [1][-]{section.2}{\376\377\000R\000e\000l\000a\000t\000e\000d\000W\000o\000r\000k}{}% 2
\BOOKMARK [2][-]{subsection.2.1}{\376\377\131\047\213\355\212\000\152\041\127\213\166\204\200\375\122\233\116\016\117\030\123\026}{section.2}% 3
\BOOKMARK [2][-]{subsection.2.2}{\376\377\145\160\133\146\143\250\164\006\230\206\127\337\166\204\170\024\172\166\217\333\134\125}{section.2}% 4
\BOOKMARK [2][-]{subsection.2.3}{\376\377\117\030\123\026\142\200\147\057\377\032\000L\000o\000R\000A\116\016\145\160\143\156\130\236\137\072}{section.2}% 5
\BOOKMARK [2][-]{subsection.2.4}{\376\377\226\306\142\020\145\271\154\325\166\204\157\134\122\233}{section.2}% 6
\BOOKMARK [2][-]{subsection.2.5}{\376\377\142\021\116\354\166\204\215\041\163\056}{section.2}% 7
\BOOKMARK [1][-]{section.3}{\376\377\000M\000e\000t\000h\000o\000d}{}% 8
\BOOKMARK [2][-]{subsection.3.1}{\376\377\121\150\123\302\145\160\137\256\214\003}{section.3}% 9
\BOOKMARK [2][-]{subsection.3.2}{\376\377\000L\000o\000R\000A\000\040\137\256\214\003}{section.3}% 10
\BOOKMARK [2][-]{subsection.3.3}{\376\377\000D\000e\000e\000p\000S\000e\000e\000k\000\040\165\037\142\020\213\255\176\303\145\160\143\156}{section.3}% 11
\BOOKMARK [2][-]{subsection.3.4}{\376\377\131\032\145\160\142\225\171\150\143\250\164\006\147\072\122\066}{section.3}% 12
\BOOKMARK [2][-]{subsection.3.5}{\376\377\145\160\143\156\130\236\137\072}{section.3}% 13
\BOOKMARK [1][-]{section.4}{\376\377\000E\000v\000a\000l\000u\000a\000t\000i\000o\000n}{}% 14
\BOOKMARK [2][-]{subsection.4.1}{\376\377\127\372\116\216\000S\000F\000T\116\016\000L\000o\000R\000A\166\204\137\256\214\003\153\324\133\371}{section.4}% 15
\BOOKMARK [2][-]{subsection.4.2}{\376\377\127\372\116\216\130\236\137\072\145\160\143\156\226\306\213\255\176\303\116\016\153\143\136\070\213\255\176\303\166\204\137\256\214\003\153\324\133\371}{section.4}% 16
\BOOKMARK [3][-]{subsubsection.4.2.1}{\376\377\127\372\116\216\000M\000u\000g\000g\000l\000e\000M\000a\000t\000h\166\204\145\160\143\156\130\236\137\072\213\255\176\303}{subsection.4.2}% 17
\BOOKMARK [3][-]{subsubsection.4.2.2}{\376\377\000D\000e\000e\000p\000S\000e\000e\000k\165\037\142\020\166\204\145\160\143\156\226\306}{subsection.4.2}% 18
\BOOKMARK [3][-]{subsubsection.4.2.3}{\376\377\146\364\131\047\152\041\127\213\232\214\213\301}{subsection.4.2}% 19
\BOOKMARK [2][-]{subsection.4.3}{\376\377\131\032\217\156\142\225\171\150\147\072\122\066\166\204\153\324\133\371}{section.4}% 20
\BOOKMARK [1][-]{section.5}{\376\377\000C\000o\000n\000c\000l\000u\000s\000i\000o\000n}{}% 21
\BOOKMARK [1][-]{section.6}{\376\377\000A\000u\000t\000h\000o\000r\000S\000t\000a\000t\000e\000m\000e\000n\000t}{}% 22
